Minter Address: 0x4C05a7AD71b652564954651593e0605e7041C04a
Buyer Address: 0x93Ae92E99D05DEc0A15B392478a1930cdA6Bba8d

Contract Address: 0x2D9665Fd5410B237f2A228a64D07a743dE5f4B90

--

> token 0 (proof: b = 9):

root@bf3e91caca08:/mnt/devroot/src/udacity-p8-blockchain-capstone/eth-contracts/scripts# export PROOF_FILE="../../zokrates/proof_square_9/proof.json"
root@bf3e91caca08:/mnt/devroot/src/udacity-p8-blockchain-capstone/eth-contracts/scripts# node mint.js
addSolution(...) is successful. Owner='0x4C05a7AD71b652564954651593e0605e7041C04a', Transaction='0x45195f2aff2d913c885de7e5cab66ae2cb02201bb36cda775d51306b23bcd45c'. Proof: {"a":["15484077528342841293861051801744155148588984607634509490693016333417242407075","6381017788086019198143731560979040827457907566228065338492143336923510629073"],"b":[["16496486688598194279628806179847704950080335995962841373954020155732717777169","5725151172144042007403777110084260139177603633320744171414845344758754157928"],["3742486385440774286986439809491918891548803701634557808095431761796355414449","12330738411852904889309760267784692503904628536720783790578068996698855272184"]],"c":["9339626648339544974376726505155208855394054126186112145166470401483375397337","8555802130357743401859199586170969948363253421488916412419148305011726317292"],"inputs":["9","1"]}
mintNewNFT(...) is successful. Owner='0x4C05a7AD71b652564954651593e0605e7041C04a', Transaction='0x347ef56ecb5dd8a825d0ee65be1a05bc2fcbc42bb09a27f83c8fb8103763a8d6'. Proof: {"a":["15484077528342841293861051801744155148588984607634509490693016333417242407075","6381017788086019198143731560979040827457907566228065338492143336923510629073"],"b":[["16496486688598194279628806179847704950080335995962841373954020155732717777169","5725151172144042007403777110084260139177603633320744171414845344758754157928"],["3742486385440774286986439809491918891548803701634557808095431761796355414449","12330738411852904889309760267784692503904628536720783790578068996698855272184"]],"c":["9339626648339544974376726505155208855394054126186112145166470401483375397337","8555802130357743401859199586170969948363253421488916412419148305011726317292"],"inputs":["9","1"]}

> token 1 (proof: b = 16):

root@bf3e91caca08:/mnt/devroot/src/udacity-p8-blockchain-capstone/eth-contracts/scripts# export PROOF_FILE="../../zokrates/proof_square_16/proof.json"
root@bf3e91caca08:/mnt/devroot/src/udacity-p8-blockchain-capstone/eth-contracts/scripts# node mint.js
addSolution(...) is successful. Owner='0x4C05a7AD71b652564954651593e0605e7041C04a', Transaction='0x128d429909232bd3a7626165bfbbf510d2fa048685957f358f7be509b8b93e40'. Proof: {"a":["5501994799736908609104607408302472255154516951518145719754323860929569993153","11363111798477315911223683436773496348379649213551979349424769688315879117128"],"b":[["18000557812034260071456697004295071437331662930893111784257826739799510438092","3565518911799938374224921331969522675768235692486888365046953769642335851038"],["19344861391027611350968204651017938666044875972850343135868183995729756733883","1997638529243936381866480131693467798869176868832287178430655101861636899548"]],"c":["1405935780340954083124197975838375582331592497136483806671556558253403083821","9008451666449999167603884063630258820881391124605540800952991797148587915968"],"inputs":["16","1"]}
mintNewNFT(...) is successful. Owner='0x4C05a7AD71b652564954651593e0605e7041C04a', Transaction='0xee27043c8eb0896c275a89f2cee950ad083039d28f5035bb5457b0b0765ff1d7'. Proof: {"a":["5501994799736908609104607408302472255154516951518145719754323860929569993153","11363111798477315911223683436773496348379649213551979349424769688315879117128"],"b":[["18000557812034260071456697004295071437331662930893111784257826739799510438092","3565518911799938374224921331969522675768235692486888365046953769642335851038"],["19344861391027611350968204651017938666044875972850343135868183995729756733883","1997638529243936381866480131693467798869176868832287178430655101861636899548"]],"c":["1405935780340954083124197975838375582331592497136483806671556558253403083821","9008451666449999167603884063630258820881391124605540800952991797148587915968"],"inputs":["16","1"]}


> token 2 (proof: b = 25):


> token 3 (proof: b = 36):


> token 4 (proof: b = 49):


> token 5 (proof: b = 64):


> token 6 (proof: b = 81):


> token 7 (proof: b = 100):


> token 8 (proof: b = 121):


> token 9 (proof: b = 144):

