root@bf3e91caca08:/mnt/devroot/src/udacity-p8-blockchain-capstone/eth-contracts# truffle migrate --network rinkeby --reset
Compiling ./contracts/ERC721Mintable.sol...
Compiling ./contracts/SolnSquareVerifier.sol...

Compilation warnings encountered:

/mnt/devroot/src/udacity-p8-blockchain-capstone/eth-contracts/contracts/Oraclize.sol:320:7: Warning: Unreachable code.
      _networkID; // silence the warning and remain backwards compatible
      ^--------^
,/mnt/devroot/src/udacity-p8-blockchain-capstone/eth-contracts/contracts/Oraclize.sol:373:7: Warning: Unreachable code.
      _myid; _result; _proof; // Silence compiler warnings
      ^--------------------^
,/mnt/devroot/src/udacity-p8-blockchain-capstone/eth-contracts/contracts/Oraclize.sol:371:5: Warning: Function state mutability can be restricted to pure
    function __callback(bytes32 _myid, string memory _result, bytes memory _proof) public {
    ^ (Relevant source part starts here and spans across multiple lines).
,/mnt/devroot/src/udacity-p8-blockchain-capstone/eth-contracts/contracts/verifier.sol:449:5: Warning: Function state mutability can be restricted to view
    function addition(G2Point memory p1, G2Point memory p2) internal returns (G2Point memory r) {
    ^ (Relevant source part starts here and spans across multiple lines).

Writing artifacts to ./build/contracts

⚠️  Important ⚠️
If you're using an HDWalletProvider, it must be Web3 1.0 enabled or your migration will hang.


Starting migrations...
======================
> Network name:    'rinkeby'
> Network id:      4
> Block gas limit: 30000000


1_initial_migration.js
======================

   Deploying 'Migrations'
   ----------------------
   > transaction hash:    0x66e174a2ba1441d8bf4ce8e221d8643e912f08b8ec6d59e834d14aabd157da98
   > Blocks: 2            Seconds: 17
   > contract address:    0xD53819E584485dfe21C5e440eFe55309968De62b
   > account:             0x19B09eC81CDcD22270414B79240392B7172cA59e
   > balance:             27.371148366380589856
   > gas used:            236270
   > gas price:           10 gwei
   > value sent:          0 ETH
   > total cost:          0.0023627 ETH

   Pausing for 2 confirmations...
   ------------------------------
   > confirmation number: 1 (block: 9206776)
   > confirmation number: 2 (block: 9206777)
   > Saving artifacts
   -------------------------------------
   > Total cost:           0.0023627 ETH


2_deploy_contracts.js
=====================

   Replacing 'Verifier'
   --------------------
   > transaction hash:    0xae88e7890eb6fd6e6af43a66a64ff9c391edfecfe97e3d0978fcfe27ca163727
   > Blocks: 0            Seconds: 9
   > contract address:    0x247B65D3104deAE636A6716C7a30bdf0E6c5cE3B
   > account:             0x19B09eC81CDcD22270414B79240392B7172cA59e
   > balance:             27.360792206380589856
   > gas used:            1035616
   > gas price:           10 gwei
   > value sent:          0 ETH
   > total cost:          0.01035616 ETH

   Pausing for 2 confirmations...
   ------------------------------
   > confirmation number: 1 (block: 9206779)
   > confirmation number: 2 (block: 9206780)

   Replacing 'SolnSquareVerifier'
   ------------------------------
   > transaction hash:    0x5059c7a1b15a14d4c1d01d831ee9a8265e1a00a376350e9c2dd148c80a842ef0
   > Blocks: 1            Seconds: 9
   > contract address:    0x2D9665Fd5410B237f2A228a64D07a743dE5f4B90
   > account:             0x19B09eC81CDcD22270414B79240392B7172cA59e
   > balance:             27.320774676380589856
   > gas used:            4001753
   > gas price:           10 gwei
   > value sent:          0 ETH
   > total cost:          0.04001753 ETH

   Pausing for 2 confirmations...
   ------------------------------
   > confirmation number: 1 (block: 9206782)
   > confirmation number: 2 (block: 9206783)
   > Saving artifacts
   -------------------------------------
   > Total cost:          0.05037369 ETH


Summary
=======
> Total deployments:   3
> Final cost:          0.05273639 ETH

root@bf3e91caca08:/mnt/devroot/src/udacity-p8-blockchain-capstone/eth-contracts# 
